[ 2026-01-17 17:36:28,191 ] 28 root - INFO - Entered the data ingestion method or component
[ 2026-01-17 17:36:28,208 ] 39 root - INFO - Read the dataset as dataframe
[ 2026-01-17 17:36:28,252 ] 43 root - INFO - Creating date, store_id and item level values
[ 2026-01-17 17:36:28,262 ] 65 root - INFO - Get the date range
[ 2026-01-17 17:36:28,270 ] 88 root - INFO - Define the calendar features
[ 2026-01-17 17:36:28,273 ] 98 root - INFO - Reindexing Function to handle missing dates
[ 2026-01-17 17:36:28,397 ] 109 root - INFO - Create timeseries feature engineering
[ 2026-01-17 17:36:28,400 ] 116 root - INFO - Sort & Group
[ 2026-01-17 17:36:28,405 ] 122 root - INFO - Apply lag features
[ 2026-01-17 17:36:28,412 ] 134 root - INFO - Apply rolling means
[ 2026-01-17 17:36:28,419 ] 147 root - INFO - Apply rolling volatality
[ 2026-01-17 17:36:28,424 ] 158 root - INFO - Apply Rolling max (captures spikes)
[ 2026-01-17 17:36:28,425 ] 167 root - INFO - Get intermediate demand features
[ 2026-01-17 17:36:28,426 ] 171 root - INFO - Get price & promotion dynamics
[ 2026-01-17 17:36:28,427 ] 179 root - INFO - Get Relative price change
[ 2026-01-17 17:36:28,427 ] 186 root - INFO - Get promotion frequency
[ 2026-01-17 17:36:28,429 ] 200 root - INFO - Create calendar cyclin encoding
[ 2026-01-17 17:36:28,430 ] 212 root - INFO - Create 7-Day Forecast Targets (Multi-Horizon)
[ 2026-01-17 17:36:28,450 ] 224 root - INFO - Data preprocessing is completed
[ 2026-01-17 17:36:28,451 ] 46 root - INFO - Pre processed the raw dataset
[ 2026-01-17 17:36:28,741 ] 51 root - INFO - Train and test spit completed
[ 2026-01-17 17:36:29,022 ] 56 root - INFO - Ingestion of the raw data, preprocessed data, train data and test data is completed
[ 2026-01-17 17:36:29,024 ] 43 root - INFO - Reading data from artifacts\train.csv and artifacts\test.csv
[ 2026-01-17 17:36:29,086 ] 47 root - INFO - Read train and test data completed
[ 2026-01-17 17:36:29,087 ] 55 root - INFO - Applying Features and next 7 days target on trainig dataframe and testing dataframe
[ 2026-01-17 17:36:29,088 ] 26 root - INFO - Get train feature input, train target, test feature input & test target
[ 2026-01-17 17:36:29,088 ] 35 root - INFO - Calculating Seasonal Naive baseline (Lag-7)
[ 2026-01-17 17:36:29,089 ] 42 root - INFO - Baseline Mean Absolute Error: 6.094761904761905
[ 2026-01-17 17:36:29,089 ] 46 root - INFO - Get the 'Light Gradient-Boosting Machine' & 'eXtreme Gradient Boosting' models as multi-output model
[ 2026-01-17 17:36:29,089 ] 70 root - INFO - fit, evaluate the models and get the best model
[ 2026-01-17 17:36:37,411 ] 94 root - INFO - Best Model found: model_lgb with score: 0.37299810300174563
[ 2026-01-17 17:36:37,436 ] 116 root - INFO - Target: y_t_plus_1, WAPE: 0.38427002804670013
[ 2026-01-17 17:36:37,436 ] 116 root - INFO - Target: y_t_plus_2, WAPE: 0.408475956994297
[ 2026-01-17 17:36:37,436 ] 116 root - INFO - Target: y_t_plus_3, WAPE: 0.40630057642074957
[ 2026-01-17 17:36:37,436 ] 116 root - INFO - Target: y_t_plus_4, WAPE: 0.40424710389262436
[ 2026-01-17 17:36:37,436 ] 116 root - INFO - Target: y_t_plus_5, WAPE: 0.40316573733141237
[ 2026-01-17 17:36:37,436 ] 116 root - INFO - Target: y_t_plus_6, WAPE: 0.38594271791388257
[ 2026-01-17 17:36:37,437 ] 116 root - INFO - Target: y_t_plus_7, WAPE: 0.3678079720059524
