[ 2026-01-17 16:45:44,733 ] 28 root - INFO - Entered the data ingestion method or component
[ 2026-01-17 16:45:44,752 ] 39 root - INFO - Read the dataset as dataframe
[ 2026-01-17 16:45:44,793 ] 43 root - INFO - Creating date, store_id and item level values
[ 2026-01-17 16:45:44,803 ] 65 root - INFO - Get the date range
[ 2026-01-17 16:45:44,811 ] 88 root - INFO - Define the calendar features
[ 2026-01-17 16:45:44,814 ] 98 root - INFO - Reindexing Function to handle missing dates
[ 2026-01-17 16:45:44,931 ] 109 root - INFO - Create timeseries feature engineering
[ 2026-01-17 16:45:44,934 ] 116 root - INFO - Sort & Group
[ 2026-01-17 16:45:44,940 ] 122 root - INFO - Apply lag features
[ 2026-01-17 16:45:44,946 ] 134 root - INFO - Apply rolling means
[ 2026-01-17 16:45:44,953 ] 147 root - INFO - Apply rolling volatality
[ 2026-01-17 16:45:44,958 ] 158 root - INFO - Apply Rolling max (captures spikes)
[ 2026-01-17 16:45:44,959 ] 167 root - INFO - Get intermediate demand features
[ 2026-01-17 16:45:44,960 ] 171 root - INFO - Get price & promotion dynamics
[ 2026-01-17 16:45:44,961 ] 179 root - INFO - Get Relative price change
[ 2026-01-17 16:45:44,961 ] 186 root - INFO - Get promotion frequency
[ 2026-01-17 16:45:44,963 ] 200 root - INFO - Create calendar cyclin encoding
[ 2026-01-17 16:45:44,964 ] 212 root - INFO - Create 7-Day Forecast Targets (Multi-Horizon)
[ 2026-01-17 16:45:44,984 ] 224 root - INFO - Data preprocessing is completed
[ 2026-01-17 16:45:44,985 ] 46 root - INFO - Pre processed the raw dataset
[ 2026-01-17 16:45:45,250 ] 51 root - INFO - Train and test spit completed
[ 2026-01-17 16:45:45,507 ] 56 root - INFO - Ingestion of the raw data, preprocessed data, train data and test data is completed
