[ 2026-01-17 17:12:19,961 ] 28 root - INFO - Entered the data ingestion method or component
[ 2026-01-17 17:12:19,980 ] 39 root - INFO - Read the dataset as dataframe
[ 2026-01-17 17:12:20,022 ] 43 root - INFO - Creating date, store_id and item level values
[ 2026-01-17 17:12:20,032 ] 65 root - INFO - Get the date range
[ 2026-01-17 17:12:20,039 ] 88 root - INFO - Define the calendar features
[ 2026-01-17 17:12:20,042 ] 98 root - INFO - Reindexing Function to handle missing dates
[ 2026-01-17 17:12:20,159 ] 109 root - INFO - Create timeseries feature engineering
[ 2026-01-17 17:12:20,162 ] 116 root - INFO - Sort & Group
[ 2026-01-17 17:12:20,167 ] 122 root - INFO - Apply lag features
[ 2026-01-17 17:12:20,173 ] 134 root - INFO - Apply rolling means
[ 2026-01-17 17:12:20,181 ] 147 root - INFO - Apply rolling volatality
[ 2026-01-17 17:12:20,185 ] 158 root - INFO - Apply Rolling max (captures spikes)
[ 2026-01-17 17:12:20,187 ] 167 root - INFO - Get intermediate demand features
[ 2026-01-17 17:12:20,187 ] 171 root - INFO - Get price & promotion dynamics
[ 2026-01-17 17:12:20,188 ] 179 root - INFO - Get Relative price change
[ 2026-01-17 17:12:20,189 ] 186 root - INFO - Get promotion frequency
[ 2026-01-17 17:12:20,190 ] 200 root - INFO - Create calendar cyclin encoding
[ 2026-01-17 17:12:20,192 ] 212 root - INFO - Create 7-Day Forecast Targets (Multi-Horizon)
[ 2026-01-17 17:12:20,210 ] 224 root - INFO - Data preprocessing is completed
[ 2026-01-17 17:12:20,212 ] 46 root - INFO - Pre processed the raw dataset
[ 2026-01-17 17:12:20,474 ] 51 root - INFO - Train and test spit completed
[ 2026-01-17 17:12:20,737 ] 56 root - INFO - Ingestion of the raw data, preprocessed data, train data and test data is completed
[ 2026-01-17 17:12:20,738 ] 43 root - INFO - Reading data from artifacts\train.csv and artifacts\test.csv
[ 2026-01-17 17:12:20,798 ] 47 root - INFO - Read train and test data completed
[ 2026-01-17 17:12:20,800 ] 55 root - INFO - Applying Features and next 7 days target on trainig dataframe and testing dataframe
[ 2026-01-17 17:12:20,800 ] 25 root - INFO - Get train feature input, train target, test feature input & test target
[ 2026-01-17 17:12:20,800 ] 34 root - INFO - Calculating Seasonal Naive baseline (Lag-7)
[ 2026-01-17 17:12:20,801 ] 41 root - INFO - Baseline Mean Absolute Error: 6.094761904761905
[ 2026-01-17 17:12:20,801 ] 45 root - INFO - Get the 'Light Gradient-Boosting Machine' & 'eXtreme Gradient Boosting' models as multi-output model
[ 2026-01-17 17:12:20,801 ] 69 root - INFO - fit, evaluate the models and get the best model
