[ 2026-01-17 17:01:38,439 ] 28 root - INFO - Entered the data ingestion method or component
[ 2026-01-17 17:01:38,457 ] 39 root - INFO - Read the dataset as dataframe
[ 2026-01-17 17:01:38,499 ] 43 root - INFO - Creating date, store_id and item level values
[ 2026-01-17 17:01:38,508 ] 65 root - INFO - Get the date range
[ 2026-01-17 17:01:38,516 ] 88 root - INFO - Define the calendar features
[ 2026-01-17 17:01:38,519 ] 98 root - INFO - Reindexing Function to handle missing dates
[ 2026-01-17 17:01:38,639 ] 109 root - INFO - Create timeseries feature engineering
[ 2026-01-17 17:01:38,642 ] 116 root - INFO - Sort & Group
[ 2026-01-17 17:01:38,648 ] 122 root - INFO - Apply lag features
[ 2026-01-17 17:01:38,655 ] 134 root - INFO - Apply rolling means
[ 2026-01-17 17:01:38,662 ] 147 root - INFO - Apply rolling volatality
[ 2026-01-17 17:01:38,666 ] 158 root - INFO - Apply Rolling max (captures spikes)
[ 2026-01-17 17:01:38,668 ] 167 root - INFO - Get intermediate demand features
[ 2026-01-17 17:01:38,668 ] 171 root - INFO - Get price & promotion dynamics
[ 2026-01-17 17:01:38,670 ] 179 root - INFO - Get Relative price change
[ 2026-01-17 17:01:38,670 ] 186 root - INFO - Get promotion frequency
[ 2026-01-17 17:01:38,672 ] 200 root - INFO - Create calendar cyclin encoding
[ 2026-01-17 17:01:38,673 ] 212 root - INFO - Create 7-Day Forecast Targets (Multi-Horizon)
[ 2026-01-17 17:01:38,693 ] 224 root - INFO - Data preprocessing is completed
[ 2026-01-17 17:01:38,695 ] 46 root - INFO - Pre processed the raw dataset
[ 2026-01-17 17:01:38,981 ] 51 root - INFO - Train and test spit completed
[ 2026-01-17 17:01:39,265 ] 56 root - INFO - Ingestion of the raw data, preprocessed data, train data and test data is completed
[ 2026-01-17 17:01:39,266 ] 43 root - INFO - Reading data from artifacts\train.csv and artifacts\test.csv
[ 2026-01-17 17:01:39,325 ] 47 root - INFO - Read train and test data completed
[ 2026-01-17 17:01:39,326 ] 55 root - INFO - Applying Features and next 7 days target on trainig dataframe and testing dataframe
[ 2026-01-17 17:01:39,328 ] 25 root - INFO - Get train feature input, train target, test feature input & test target
[ 2026-01-17 17:01:39,328 ] 34 root - INFO - Calculating Seasonal Naive baseline (Lag-7)
[ 2026-01-17 17:01:39,328 ] 41 root - INFO - Baseline Mean Absolute Error: 6.094761904761905
[ 2026-01-17 17:01:39,328 ] 45 root - INFO - Get the 'Light Gradient-Boosting Machine' & 'eXtreme Gradient Boosting' models as multi-output model
[ 2026-01-17 17:01:39,328 ] 69 root - INFO - fit, evaluate the models and get the best model
