[ 2026-01-17 19:36:25,592 ] 28 root - INFO - Entered the data ingestion method or component
[ 2026-01-17 19:36:25,609 ] 39 root - INFO - Read the dataset as dataframe
[ 2026-01-17 19:36:25,657 ] 43 root - INFO - Creating date, store_id and item level values
[ 2026-01-17 19:36:25,668 ] 65 root - INFO - Get the date range
[ 2026-01-17 19:36:25,675 ] 88 root - INFO - Define the calendar features
[ 2026-01-17 19:36:25,678 ] 98 root - INFO - Reindexing Function to handle missing dates
[ 2026-01-17 19:36:25,797 ] 109 root - INFO - Create timeseries feature engineering
[ 2026-01-17 19:36:25,800 ] 116 root - INFO - Sort & Group
[ 2026-01-17 19:36:25,805 ] 122 root - INFO - Apply lag features
[ 2026-01-17 19:36:25,811 ] 134 root - INFO - Apply rolling means
[ 2026-01-17 19:36:25,818 ] 147 root - INFO - Apply rolling volatality
[ 2026-01-17 19:36:25,823 ] 158 root - INFO - Apply Rolling max (captures spikes)
[ 2026-01-17 19:36:25,825 ] 167 root - INFO - Get intermediate demand features
[ 2026-01-17 19:36:25,825 ] 171 root - INFO - Get price & promotion dynamics
[ 2026-01-17 19:36:25,826 ] 179 root - INFO - Get Relative price change
[ 2026-01-17 19:36:25,826 ] 186 root - INFO - Get promotion frequency
[ 2026-01-17 19:36:25,828 ] 200 root - INFO - Create calendar cyclin encoding
[ 2026-01-17 19:36:25,830 ] 212 root - INFO - Create 7-Day Forecast Targets (Multi-Horizon)
[ 2026-01-17 19:36:25,848 ] 224 root - INFO - Data preprocessing is completed
[ 2026-01-17 19:36:25,849 ] 46 root - INFO - Pre processed the raw dataset
[ 2026-01-17 19:36:26,120 ] 51 root - INFO - Train and test spit completed
[ 2026-01-17 19:36:26,384 ] 56 root - INFO - Ingestion of the raw data, preprocessed data, train data and test data is completed
[ 2026-01-17 19:36:26,385 ] 43 root - INFO - Reading data from artifacts\train.csv and artifacts\test.csv
[ 2026-01-17 19:36:26,447 ] 47 root - INFO - Read train and test data completed
[ 2026-01-17 19:36:26,448 ] 55 root - INFO - Applying Features and next 7 days target on trainig dataframe and testing dataframe
[ 2026-01-17 19:36:26,449 ] 27 root - INFO - Get train feature input, train target, test feature input & test target
[ 2026-01-17 19:36:26,449 ] 36 root - INFO - Calculating Seasonal Naive baseline (Lag-7)
[ 2026-01-17 19:36:26,449 ] 43 root - INFO - Baseline Mean Absolute Error: 6.094761904761905
[ 2026-01-17 19:36:26,450 ] 47 root - INFO - Get the 'Light Gradient-Boosting Machine' & 'eXtreme Gradient Boosting' models as multi-output model
[ 2026-01-17 19:36:26,450 ] 71 root - INFO - fit, evaluate the models and get the best model
[ 2026-01-17 19:36:34,678 ] 95 root - INFO - Best Model found: model_lgb with score: 0.37299810300174563
[ 2026-01-17 19:36:34,678 ] 98 root - INFO - Trains 7 independent LightGBM models where each model learns horizon-specific patterns
[ 2026-01-17 19:36:35,132 ] 325 root - INFO - y_t_plus_1 WAPE: 0.3750534909205031
[ 2026-01-17 19:36:35,584 ] 325 root - INFO - y_t_plus_2 WAPE: 0.39125651177948145
[ 2026-01-17 19:36:36,030 ] 325 root - INFO - y_t_plus_3 WAPE: 0.3858320874899339
[ 2026-01-17 19:36:36,483 ] 325 root - INFO - y_t_plus_4 WAPE: 0.38878997627276946
[ 2026-01-17 19:36:36,928 ] 325 root - INFO - y_t_plus_5 WAPE: 0.36862375689745036
[ 2026-01-17 19:36:37,382 ] 325 root - INFO - y_t_plus_6 WAPE: 0.36217564283821685
[ 2026-01-17 19:36:37,873 ] 325 root - INFO - y_t_plus_7 WAPE: 0.36790885538108525
[ 2026-01-17 19:36:37,904 ] 112 root - INFO - Successfully saved {model} in {model_path}
[ 2026-01-17 19:36:37,927 ] 112 root - INFO - Successfully saved {model} in {model_path}
[ 2026-01-17 19:36:37,952 ] 112 root - INFO - Successfully saved {model} in {model_path}
[ 2026-01-17 19:36:37,978 ] 112 root - INFO - Successfully saved {model} in {model_path}
[ 2026-01-17 19:36:38,004 ] 112 root - INFO - Successfully saved {model} in {model_path}
[ 2026-01-17 19:36:38,028 ] 112 root - INFO - Successfully saved {model} in {model_path}
[ 2026-01-17 19:36:38,054 ] 112 root - INFO - Successfully saved {model} in {model_path}
